"[2025-12-10 16:37:13] [INFO]: Iteration 05000, Cost 197.47s, triplet_loss=1.0047, triplet_hard_loss=5.1766, triplet_loss_num=1982.8171, triplet_mean_dist=11.7091, softmax_loss=2.1939, softmax_accuracy=0.6191\r\n"}
"[2025-12-10 16:37:13] [INFO]: Running test...\r\n"}
"[2025-12-10 16:38:13] [INFO]: ===Rank-1 (Include identical-view cases)===\r\n"}
"[2025-12-10 16:38:13] [INFO]: NM: 96.6,\tBG: 90.9,\tCL: 88.8\r\n"}
"[2025-12-10 16:38:13] [INFO]: ===Rank-1 (Exclude identical-view cases)===\r\n"}
"[2025-12-10 16:38:13] [INFO]: NM: 96.3,\tBG: 90.3,\tCL: 87.7\r\n"}
"[2025-12-10 16:38:13] [INFO]: ===Rank-1 of each angle (Exclude identical-view cases)===\r\n"}
"[2025-12-10 16:38:13] [INFO]: NM: [94.37   97.81   100.0   97.81   95.31   93.44   95.00   99.06   99.06   98.44   88.75]\r\n"}
"[2025-12-10 16:38:13] [INFO]: BG: [87.88   93.03   92.12   90.62   90.30   88.79   90.91   92.12   94.85   92.81   80.30]\r\n"}
"[2025-12-10 16:38:13] [INFO]: CL: [78.13   90.94   95.62   95.62   86.25   81.87   88.44   94.06   96.25   87.81   70.00]\r\n"}

"[2025-12-10 19:20:51] [INFO]: Iteration 10000, Cost 194.86s, triplet_loss=1.1065, triplet_hard_loss=5.5736, triplet_loss_num=1383.2867, triplet_mean_dist=15.1041, softmax_loss=1.3241, softmax_accuracy=0.7848\r\n"}
"[2025-12-10 19:20:51] [INFO]: Running test...\r\n"}
"[2025-12-10 19:21:51] [INFO]: ===Rank-1 (Include identical-view cases)===\r\n"}
"[2025-12-10 19:21:51] [INFO]: NM: 97.8,\tBG: 92.1,\tCL: 91.4\r\n"}
"[2025-12-10 19:21:51] [INFO]: ===Rank-1 (Exclude identical-view cases)===\r\n"}
"[2025-12-10 19:21:51] [INFO]: NM: 97.5,\tBG: 91.7,\tCL: 90.6\r\n"}
"[2025-12-10 19:21:51] [INFO]: ===Rank-1 of each angle (Exclude identical-view cases)===\r\n"}
"[2025-12-10 19:21:51] [INFO]: NM: [95.63   97.81   100.0   97.81   96.87   96.25   97.81   99.69   100.0   98.13   92.81]\r\n"}
"[2025-12-10 19:21:51] [INFO]: BG: [88.49   93.94   93.03   91.87   91.21   91.82   91.21   93.94   94.85   93.13   84.85]\r\n"}
"[2025-12-10 19:21:51] [INFO]: CL: [81.56   91.88   99.06   96.56   89.06   88.75   89.69   95.94   98.75   90.62   74.38]\r\n"}

"[2025-12-10 22:04:23] [INFO]: Iteration 15000, Cost 194.93s, triplet_loss=1.1115, triplet_hard_loss=5.5161, triplet_loss_num=1176.6394, triplet_mean_dist=16.3331, softmax_loss=1.0826, softmax_accuracy=0.8319\r\n"}
"[2025-12-10 22:04:23] [INFO]: Running test...\r\n"}
"[2025-12-10 22:05:22] [INFO]: ===Rank-1 (Include identical-view cases)===\r\n"}
"[2025-12-10 22:05:22] [INFO]: NM: 98.0,\tBG: 92.1,\tCL: 91.9\r\n"}
"[2025-12-10 22:05:22] [INFO]: ===Rank-1 (Exclude identical-view cases)===\r\n"}
"[2025-12-10 22:05:22] [INFO]: NM: 97.8,\tBG: 91.7,\tCL: 91.1\r\n"}
"[2025-12-10 22:05:22] [INFO]: ===Rank-1 of each angle (Exclude identical-view cases)===\r\n"}
"[2025-12-10 22:05:22] [INFO]: NM: [96.25   98.75   100.0   99.06   96.88   94.69   97.19   99.69   99.69   99.38   93.75]\r\n"}
"[2025-12-10 22:05:22] [INFO]: BG: [88.18   93.33   93.03   92.19   92.12   90.30   91.52   93.33   94.85   93.75   86.37]\r\n"}
"[2025-12-10 22:05:22] [INFO]: CL: [81.87   93.44   99.06   97.81   91.56   87.19   90.94   95.31   97.81   92.50   75.00]\r\n"}

"[2025-12-11 00:47:50] [INFO]: Iteration 20000, Cost 194.63s, triplet_loss=1.1017, triplet_hard_loss=5.3831, triplet_loss_num=983.9715, triplet_mean_dist=17.3187, softmax_loss=0.9563, softmax_accuracy=0.8617\r\n"}
"[2025-12-11 00:47:50] [INFO]: Running test...\r\n"}
"[2025-12-11 00:48:48] [INFO]: ===Rank-1 (Include identical-view cases)===\r\n"}
"[2025-12-11 00:48:48] [INFO]: NM: 98.3,\tBG: 92.1,\tCL: 91.9\r\n"}
"[2025-12-11 00:48:48] [INFO]: ===Rank-1 (Exclude identical-view cases)===\r\n"}
"[2025-12-11 00:48:48] [INFO]: NM: 98.2,\tBG: 91.8,\tCL: 91.1\r\n"}
"[2025-12-11 00:48:48] [INFO]: ===Rank-1 of each angle (Exclude identical-view cases)===\r\n"}
"[2025-12-11 00:48:48] [INFO]: NM: [96.88   99.69   100.0   98.44   96.88   95.94   97.81   100.0   100.0   99.69   94.38]\r\n"}
"[2025-12-11 00:48:48] [INFO]: BG: [90.61   93.94   92.73   91.56   92.42   90.00   91.82   93.94   95.15   93.75   83.34]\r\n"}
"[2025-12-11 00:48:48] [INFO]: CL: [80.00   94.69   99.38   97.19   92.19   89.69   90.63   95.62   98.12   91.25   72.81]\r\n"}

"[2025-12-11 10:55:54] [INFO]: Iteration 25000, Cost 197.08s, triplet_loss=1.0952, triplet_hard_loss=5.2582, triplet_loss_num=910.5522, triplet_mean_dist=17.8709, softmax_loss=0.8887, softmax_accuracy=0.8741\r\n"}
"[2025-12-11 10:55:54] [INFO]: Running test...\r\n"}
"[2025-12-11 10:56:53] [INFO]: ===Rank-1 (Include identical-view cases)===\r\n"}
"[2025-12-11 10:56:53] [INFO]: NM: 98.1,\tBG: 91.9,\tCL: 91.6\r\n"}
"[2025-12-11 10:56:53] [INFO]: ===Rank-1 (Exclude identical-view cases)===\r\n"}
"[2025-12-11 10:56:53] [INFO]: NM: 97.9,\tBG: 91.5,\tCL: 90.8\r\n"}
"[2025-12-11 10:56:53] [INFO]: ===Rank-1 of each angle (Exclude identical-view cases)===\r\n"}
"[2025-12-11 10:56:53] [INFO]: NM: [95.00   99.38   99.69   97.50   97.50   96.88   97.50   99.38   100.0   99.69   94.38]\r\n"}
"[2025-12-11 10:56:53] [INFO]: BG: [88.49   93.94   92.73   89.69   91.82   90.61   90.91   93.33   95.46   94.06   85.15]\r\n"}
"[2025-12-11 10:56:53] [INFO]: CL: [82.81   93.44   97.81   96.56   89.38   87.50   89.06   95.00   98.44   91.88   76.56]\r\n"}

"[2025-12-11 13:39:35] [INFO]: Iteration 30000, Cost 194.96s, triplet_loss=1.0800, triplet_hard_loss=5.1311, triplet_loss_num=839.4903, triplet_mean_dist=18.2737, softmax_loss=0.8392, softmax_accuracy=0.8854\r\n"}
"[2025-12-11 13:39:35] [INFO]: Running test...\r\n"}
"[2025-12-11 13:40:34] [INFO]: ===Rank-1 (Include identical-view cases)===\r\n"}
"[2025-12-11 13:40:34] [INFO]: NM: 98.2,\tBG: 93.0,\tCL: 92.8\r\n"}
"[2025-12-11 13:40:34] [INFO]: ===Rank-1 (Exclude identical-view cases)===\r\n"}
"[2025-12-11 13:40:34] [INFO]: NM: 98.0,\tBG: 92.6,\tCL: 92.1\r\n"}
"[2025-12-11 13:40:34] [INFO]: ===Rank-1 of each angle (Exclude identical-view cases)===\r\n"}
"[2025-12-11 13:40:34] [INFO]: NM: [95.00   99.06   100.0   98.44   96.87   96.25   98.44   99.38   100.0   99.69   95.00]\r\n"}
"[2025-12-11 13:40:34] [INFO]: BG: [90.61   94.55   93.03   92.19   92.73   91.52   91.52   94.24   95.15   95.32   88.18]\r\n"}
"[2025-12-11 13:40:34] [INFO]: CL: [84.69   93.75   99.38   97.50   90.62   89.69   90.00   96.88   98.12   92.81   79.38]\r\n"}

"[2025-12-11 16:23:14] [INFO]: Iteration 35000, Cost 195.19s, triplet_loss=1.0895, triplet_hard_loss=5.1586, triplet_loss_num=825.3103, triplet_mean_dist=18.4499, softmax_loss=0.8072, softmax_accuracy=0.8911\r\n"}
"[2025-12-11 16:23:14] [INFO]: Running test...\r\n"}
"[2025-12-11 16:24:16] [INFO]: ===Rank-1 (Include identical-view cases)===\r\n"}
"[2025-12-11 16:24:16] [INFO]: NM: 98.4,\tBG: 92.6,\tCL: 92.3\r\n"}
"[2025-12-11 16:24:16] [INFO]: ===Rank-1 (Exclude identical-view cases)===\r\n"}
"[2025-12-11 16:24:16] [INFO]: NM: 98.2,\tBG: 92.3,\tCL: 91.6\r\n"}
"[2025-12-11 16:24:16] [INFO]: ===Rank-1 of each angle (Exclude identical-view cases)===\r\n"}
"[2025-12-11 16:24:16] [INFO]: NM: [95.31   99.38   100.0   99.38   96.88   96.88   98.12   99.69   100.0   99.69   95.00]\r\n"}
"[2025-12-11 16:24:16] [INFO]: BG: [90.91   93.33   93.33   91.87   91.82   90.61   90.91   93.64   95.46   95.31   87.88]\r\n"}
"[2025-12-11 16:24:16] [INFO]: CL: [84.69   94.06   99.06   97.50   89.06   86.56   90.94   95.94   97.50   94.69   77.19]\r\n"}

"[2025-12-11 19:06:54] [INFO]: Iteration 40000, Cost 194.92s, triplet_loss=1.0694, triplet_hard_loss=5.0031, triplet_loss_num=751.7626, triplet_mean_dist=18.8663, softmax_loss=0.7721, softmax_accuracy=0.9003\r\n"}
"[2025-12-11 19:06:54] [INFO]: Running test...\r\n"}
"[2025-12-11 19:07:53] [INFO]: ===Rank-1 (Include identical-view cases)===\r\n"}
"[2025-12-11 19:07:53] [INFO]: NM: 98.3,\tBG: 92.3,\tCL: 92.4\r\n"}
"[2025-12-11 19:07:53] [INFO]: ===Rank-1 (Exclude identical-view cases)===\r\n"}
"[2025-12-11 19:07:53] [INFO]: NM: 98.1,\tBG: 91.9,\tCL: 91.6\r\n"}
"[2025-12-11 19:07:53] [INFO]: ===Rank-1 of each angle (Exclude identical-view cases)===\r\n"}
"[2025-12-11 19:07:53] [INFO]: NM: [95.31   99.38   100.0   98.44   97.50   97.19   98.12   99.38   100.0   99.06   94.69]\r\n"}
"[2025-12-11 19:07:53] [INFO]: BG: [90.30   94.24   92.73   92.19   91.82   90.61   92.12   94.55   95.45   94.06   83.34]\r\n"}
"[2025-12-11 19:07:53] [INFO]: CL: [83.12   94.69   99.06   97.50   92.50   90.31   90.94   96.88   97.81   91.88   73.44]\r\n"}